2022-04-26 at 18:09:38 | SUCCESS | [测试log] hello, world
2022-04-26 at 18:09:38 | INFO | [测试log] hello, world
2022-04-26 at 18:09:38 | DEBUG | [测试log] hello, world
2022-04-26 at 18:09:38 | WARNING | [测试log] hello, world
2022-04-26 at 18:09:38 | ERROR | [测试log] hello, world
2022-04-26 at 18:09:38 | CRITICAL | [测试log] hello, world
2022-04-26 at 18:09:38 | ERROR | [测试log] hello, world
NoneType: None
2022-04-26 at 18:14:21 | INFO | OSSGPAPI Connect to: http://127.0.0.1:8529
2022-04-26 at 18:14:36 | INFO | OSSGPAPI Connect to: http://127.0.0.1:8529
2022-04-26 at 18:15:04 | INFO | OSSGPAPI Connect to: http://127.0.0.1:8529
2022-04-26 at 18:16:25 | INFO | OSSGPAPI Connect to: http://127.0.0.1:8529
2022-04-26 at 18:23:15 | INFO | OSSGPAPI Connect to: http://127.0.0.1:8529
2022-04-26 at 18:24:08 | INFO | OSSGPAPI Connect to: http://127.0.0.1:8529
2022-04-26 at 18:43:10 | INFO | OSSGPAPI Connect to: http://127.0.0.1:8529
2022-04-27 at 10:03:57 | INFO | OSSGPAPI Connect to: http://127.0.0.1:8529
2022-04-27 at 12:08:34 | INFO | OSSGPAPI Connect to: http://127.0.0.1:8529
2022-04-27 at 16:31:44 | ERROR | Exception at users.createUsers() type object 'Users' has no attribute 'load' 
2022-04-27 at 16:34:26 | ERROR | Exception at users.createUsers() 'str' object has no attribute 'load' 
2022-04-27 at 16:37:28 | ERROR | Exception at users.createUsers() {'_key': ['Missing data for required field.']} 
2022-04-27 at 16:44:13 | ERROR | Exception at users.createUsers() local variable 'addobj' referenced before assignment 
2022-04-27 at 16:44:20 | ERROR | Exception at users.createUsers() local variable 'addobj' referenced before assignment 
2022-04-27 at 17:09:29 | ERROR | Exception at users.userlogin() name 'db' is not defined 
2022-04-27 at 17:11:59 | ERROR | Exception at users.userlogin() count() takes exactly one argument (0 given) 
2022-04-27 at 17:14:31 | ERROR | Exception at users.userlogin() 'Users' object is not subscriptable 
2022-04-27 at 17:47:33 | INFO | Scorpius Start Up ....
2022-04-27 at 17:47:33 | INFO | API prefix is: [ /api/v2 ]
2022-04-27 at 17:47:33 | INFO | Scorpius Starting ....
2022-04-27 at 17:47:33 | INFO | Scorpius Started
2022-04-27 at 17:54:02 | INFO | Scorpius Shutting Down ....
2022-04-27 at 17:54:03 | INFO | Scorpius Start Up ....
2022-04-27 at 17:54:03 | INFO | API prefix is: [ /api/v2 ]
2022-04-27 at 18:25:26 | INFO | Scorpius Start Up ....
2022-04-27 at 18:25:26 | INFO | API prefix is: [ /api/v2 ]
2022-04-27 at 18:25:43 | INFO | Scorpius Start Up ....
2022-04-27 at 18:25:43 | INFO | API prefix is: [ /api/v2 ]
2022-04-27 at 18:26:08 | INFO | Scorpius Start Up ....
2022-04-27 at 18:26:08 | INFO | API prefix is: [ /api/v2 ]
2022-04-27 at 18:26:08 | INFO | Scorpius Starting ....
2022-04-27 at 18:26:08 | INFO | Scorpius Started
2022-04-27 at 18:31:17 | INFO | Scorpius Shutting Down ....
2022-04-27 at 18:31:17 | INFO | Scorpius Start Up ....
2022-04-27 at 18:31:17 | INFO | API prefix is: [ /api/v2 ]
2022-04-27 at 18:31:17 | INFO | Scorpius Starting ....
2022-04-27 at 18:31:17 | INFO | Scorpius Started
2022-04-27 at 18:31:20 | INFO | Scorpius Shutting Down ....
2022-04-27 at 18:31:22 | INFO | Scorpius Start Up ....
2022-04-27 at 18:31:22 | INFO | API prefix is: [ /api/v2 ]
2022-04-27 at 18:31:22 | INFO | Scorpius Starting ....
2022-04-27 at 18:31:22 | INFO | Scorpius Started
2022-04-27 at 18:31:53 | INFO | Scorpius Shutting Down ....
2022-04-27 at 18:31:54 | INFO | Scorpius Start Up ....
2022-04-27 at 18:31:54 | INFO | API prefix is: [ /api/v2 ]
2022-04-27 at 18:31:54 | INFO | Scorpius Starting ....
2022-04-27 at 18:31:54 | INFO | Scorpius Started
2022-04-27 at 18:32:13 | INFO | Scorpius Shutting Down ....
2022-04-27 at 18:32:14 | INFO | Scorpius Start Up ....
2022-04-27 at 18:32:14 | INFO | API prefix is: [ /api/v2 ]
2022-04-27 at 18:32:14 | INFO | Scorpius Starting ....
2022-04-27 at 18:32:14 | INFO | Scorpius Started
2022-04-27 at 18:33:04 | INFO | Scorpius Shutting Down ....
2022-04-27 at 18:33:04 | INFO | Scorpius Start Up ....
2022-04-27 at 18:33:04 | INFO | API prefix is: [ /api/v2 ]
2022-04-27 at 18:33:04 | INFO | Scorpius Starting ....
2022-04-27 at 18:33:05 | INFO | Scorpius Started
2022-04-27 at 18:33:14 | INFO | Scorpius Shutting Down ....
2022-04-27 at 18:33:16 | INFO | Scorpius Start Up ....
2022-04-27 at 18:33:16 | INFO | API prefix is: [ /api/v2 ]
2022-04-27 at 18:33:16 | INFO | Scorpius Starting ....
2022-04-27 at 18:33:16 | INFO | Scorpius Started
2022-04-27 at 18:33:52 | INFO | Scorpius Shutting Down ....
2022-04-27 at 18:33:52 | INFO | Scorpius Start Up ....
2022-04-27 at 18:33:52 | INFO | API prefix is: [ /api/v2 ]
2022-04-27 at 18:33:52 | INFO | Scorpius Starting ....
2022-04-27 at 18:33:52 | INFO | Scorpius Started
2022-04-27 at 18:34:21 | INFO | Scorpius Shutting Down ....
2022-04-27 at 18:34:21 | INFO | Scorpius Start Up ....
2022-04-27 at 18:34:21 | INFO | API prefix is: [ /api/v2 ]
2022-04-27 at 18:34:21 | INFO | Scorpius Starting ....
2022-04-27 at 18:34:21 | INFO | Scorpius Started
2022-04-27 at 18:34:50 | INFO | Scorpius Shutting Down ....
2022-04-27 at 18:34:51 | INFO | Scorpius Start Up ....
2022-04-27 at 18:34:51 | INFO | API prefix is: [ /api/v2 ]
2022-04-27 at 18:34:51 | INFO | Scorpius Starting ....
2022-04-27 at 18:34:51 | INFO | Scorpius Started
2022-04-27 at 18:35:20 | INFO | Scorpius Shutting Down ....
2022-04-27 at 18:35:21 | INFO | Scorpius Start Up ....
2022-04-27 at 18:35:21 | INFO | API prefix is: [ /api/v2 ]
2022-04-27 at 18:35:21 | INFO | Scorpius Starting ....
2022-04-27 at 18:35:21 | INFO | Scorpius Started
2022-04-27 at 18:35:38 | INFO | Scorpius Shutting Down ....
2022-04-27 at 18:35:40 | INFO | Scorpius Start Up ....
2022-04-27 at 18:35:40 | INFO | API prefix is: [ /api/v2 ]
2022-04-27 at 18:35:40 | INFO | Scorpius Starting ....
2022-04-27 at 18:35:40 | INFO | Scorpius Started
2022-04-27 at 18:37:20 | INFO | Scorpius Shutting Down ....
2022-04-27 at 18:37:21 | INFO | Scorpius Start Up ....
2022-04-27 at 18:37:21 | INFO | API prefix is: [ /api/v2 ]
2022-04-27 at 18:37:21 | INFO | Scorpius Starting ....
2022-04-27 at 18:37:21 | INFO | Scorpius Started
2022-04-27 at 18:37:46 | INFO | Scorpius Shutting Down ....
2022-04-27 at 18:37:46 | INFO | Scorpius Start Up ....
2022-04-27 at 18:37:46 | INFO | API prefix is: [ /api/v2 ]
2022-04-27 at 18:37:46 | INFO | Scorpius Starting ....
2022-04-27 at 18:37:47 | INFO | Scorpius Started
2022-04-27 at 18:38:51 | INFO | Scorpius Shutting Down ....
2022-04-27 at 18:38:52 | INFO | Scorpius Start Up ....
2022-04-27 at 18:38:52 | INFO | API prefix is: [ /api/v2 ]
2022-04-27 at 18:38:52 | INFO | Scorpius Starting ....
2022-04-27 at 18:38:52 | INFO | Scorpius Started
2022-04-27 at 18:40:13 | INFO | Scorpius Shutting Down ....
2022-04-27 at 18:40:14 | INFO | Scorpius Start Up ....
2022-04-27 at 18:40:14 | INFO | API prefix is: [ /api/v2 ]
2022-04-27 at 18:40:14 | INFO | Scorpius Starting ....
2022-04-27 at 18:40:14 | INFO | Scorpius Started
2022-04-27 at 18:40:58 | INFO | Scorpius Shutting Down ....
2022-04-27 at 18:40:58 | INFO | Scorpius Start Up ....
2022-04-27 at 18:40:58 | INFO | API prefix is: [ /api/v2 ]
2022-04-27 at 18:40:58 | INFO | Scorpius Starting ....
2022-04-27 at 18:40:58 | INFO | Scorpius Started
2022-04-27 at 18:41:41 | INFO | Scorpius Shutting Down ....
2022-04-27 at 18:41:42 | INFO | Scorpius Start Up ....
2022-04-27 at 18:41:42 | INFO | API prefix is: [ /api/v2 ]
2022-04-27 at 18:41:42 | INFO | Scorpius Starting ....
2022-04-27 at 18:41:42 | INFO | Scorpius Started
2022-04-27 at 18:41:44 | INFO | Scorpius Shutting Down ....
2022-04-27 at 18:41:44 | INFO | Scorpius Start Up ....
2022-04-27 at 18:41:44 | INFO | API prefix is: [ /api/v2 ]
2022-04-27 at 18:41:44 | INFO | Scorpius Starting ....
2022-04-27 at 18:41:44 | INFO | Scorpius Started
2022-04-27 at 18:42:49 | INFO | Scorpius Shutting Down ....
2022-04-27 at 18:42:50 | INFO | Scorpius Start Up ....
2022-04-27 at 18:42:50 | INFO | API prefix is: [ /api/v2 ]
2022-04-27 at 18:42:50 | INFO | Scorpius Starting ....
2022-04-27 at 18:42:50 | INFO | Scorpius Started
2022-04-27 at 18:43:49 | INFO | Scorpius Shutting Down ....
2022-04-27 at 18:43:49 | INFO | Scorpius Start Up ....
2022-04-27 at 18:43:49 | INFO | API prefix is: [ /api/v2 ]
2022-04-27 at 18:43:49 | INFO | Scorpius Starting ....
2022-04-27 at 18:43:49 | INFO | Scorpius Started
2022-04-27 at 18:43:52 | INFO | Scorpius Shutting Down ....
2022-04-27 at 18:43:54 | INFO | Scorpius Start Up ....
2022-04-27 at 18:43:54 | INFO | API prefix is: [ /api/v2 ]
2022-04-27 at 18:43:54 | INFO | Scorpius Starting ....
2022-04-27 at 18:43:54 | INFO | Scorpius Started
2022-04-27 at 18:44:31 | INFO | Scorpius Shutting Down ....
2022-04-27 at 18:44:32 | INFO | Scorpius Start Up ....
2022-04-27 at 18:44:32 | INFO | API prefix is: [ /api/v2 ]
2022-04-27 at 18:44:32 | INFO | Scorpius Starting ....
2022-04-27 at 18:44:32 | INFO | Scorpius Started
2022-04-27 at 18:45:14 | INFO | Scorpius Shutting Down ....
2022-04-27 at 18:45:53 | INFO | Scorpius Start Up ....
2022-04-27 at 18:45:53 | INFO | API prefix is: [ /api/v2 ]
2022-04-27 at 18:45:53 | INFO | Scorpius Starting ....
2022-04-27 at 18:45:53 | INFO | Scorpius Started
2022-04-27 at 18:47:19 | INFO | Scorpius Shutting Down ....
2022-04-27 at 18:47:20 | INFO | Scorpius Start Up ....
2022-04-27 at 18:47:20 | INFO | API prefix is: [ /api/v2 ]
2022-04-27 at 18:47:20 | INFO | Scorpius Starting ....
2022-04-27 at 18:47:20 | INFO | Scorpius Started
2022-04-27 at 18:47:50 | INFO | Scorpius Shutting Down ....
2022-04-27 at 18:47:51 | INFO | Scorpius Start Up ....
2022-04-27 at 18:47:51 | INFO | API prefix is: [ /api/v2 ]
2022-04-27 at 18:47:51 | INFO | Scorpius Starting ....
2022-04-27 at 18:47:51 | INFO | Scorpius Started
2022-04-27 at 18:47:53 | INFO | Scorpius Shutting Down ....
2022-04-27 at 18:47:55 | INFO | Scorpius Start Up ....
2022-04-27 at 18:47:55 | INFO | API prefix is: [ /api/v2 ]
2022-04-27 at 18:47:55 | INFO | Scorpius Starting ....
2022-04-27 at 18:47:55 | INFO | Scorpius Started
2022-04-27 at 18:49:09 | INFO | Scorpius Shutting Down ....
2022-04-27 at 18:49:10 | INFO | Scorpius Start Up ....
2022-04-27 at 18:49:10 | INFO | API prefix is: [ /api/v2 ]
2022-04-27 at 18:49:10 | INFO | Scorpius Starting ....
2022-04-27 at 18:49:10 | INFO | Scorpius Started
2022-04-27 at 18:49:29 | INFO | Scorpius Shutting Down ....
2022-04-27 at 18:49:30 | INFO | Scorpius Start Up ....
2022-04-27 at 18:49:30 | INFO | API prefix is: [ /api/v2 ]
2022-04-27 at 18:49:30 | INFO | Scorpius Starting ....
2022-04-27 at 18:49:30 | INFO | Scorpius Started
2022-04-27 at 18:49:49 | INFO | Scorpius Shutting Down ....
2022-04-27 at 18:49:49 | INFO | Scorpius Start Up ....
2022-04-27 at 18:49:49 | INFO | API prefix is: [ /api/v2 ]
2022-04-27 at 18:49:49 | INFO | Scorpius Starting ....
2022-04-27 at 18:49:49 | INFO | Scorpius Started
2022-04-27 at 18:51:22 | INFO | Scorpius Shutting Down ....
2022-04-27 at 18:51:22 | INFO | Scorpius Start Up ....
2022-04-27 at 18:51:22 | INFO | API prefix is: [ /api/v2 ]
2022-04-27 at 18:51:22 | INFO | Scorpius Starting ....
2022-04-27 at 18:51:22 | INFO | Scorpius Started
2022-04-27 at 18:52:07 | INFO | Scorpius Shutting Down ....
2022-04-27 at 18:52:08 | INFO | Scorpius Start Up ....
2022-04-27 at 18:52:08 | INFO | API prefix is: [ /api/v2 ]
2022-04-27 at 18:52:08 | INFO | Scorpius Starting ....
2022-04-27 at 18:52:08 | INFO | Scorpius Started
2022-04-27 at 18:54:44 | INFO | Scorpius Shutting Down ....
2022-04-27 at 18:54:46 | INFO | Andromeda Start Up ....
2022-04-27 at 18:54:46 | INFO | API prefix is: [ /api/v2 ]
2022-04-27 at 18:54:46 | INFO | Andromeda Starting ....
2022-04-27 at 18:54:46 | INFO | Andromeda Started
